============================= test session starts ==============================
platform linux -- Python 3.11.14, pytest-9.0.2, pluggy-1.6.0 -- /opt/hostedtoolcache/Python/3.11.14/x64/bin/python
cachedir: .pytest_cache
metadata: {'Python': '3.11.14', 'Platform': 'Linux-6.11.0-1018-azure-x86_64-with-glibc2.39', 'Packages': {'pytest': '9.0.2', 'pluggy': '1.6.0'}, 'Plugins': {'html': '4.1.1', 'base-url': '2.1.0', 'playwright': '0.7.2', 'anyio': '4.12.1', 'metadata': '3.1.1', 'langsmith': '0.6.2'}, 'CI': 'true', 'JAVA_HOME': '/usr/lib/jvm/temurin-17-jdk-amd64', 'Base URL': ''}
rootdir: /home/runner/work/build_qa_automation/build_qa_automation
plugins: html-4.1.1, base-url-2.1.0, playwright-0.7.2, anyio-4.12.1, metadata-3.1.1, langsmith-0.6.2
collecting ... collected 1 item

projects/verify_custom_swagstore/tests/test_main.py::test_autonomous_flow[chromium] FAILED

=================================== FAILURES ===================================
________________________ test_autonomous_flow[chromium] ________________________

browser = <Browser type=<BrowserType name=chromium executable_path=/home/runner/.cache/ms-playwright/chromium-1200/chrome-linux64/chrome> version=143.0.7499.4>

    def test_autonomous_flow(browser: Browser):
        page = browser.new_page()
        login_page = LoginPage(page)
        inventory_page = InventoryPage(page)
    
        login_page.navigate("https://www.saucedemo.com/")
        login_page.enter_username("standard_user")
        login_page.enter_password("secret_sauce")
        login_page.click_login()
    
>       assert inventory_page.is_inventory_displayed(), "Login failed"
               ^^^^^^^^^^^^^^^^^^^^^^^^^^^^^^^^^^^^^^^

projects/verify_custom_swagstore/tests/test_main.py:58: 
_ _ _ _ _ _ _ _ _ _ _ _ _ _ _ _ _ _ _ _ _ _ _ _ _ _ _ _ _ _ _ _ _ _ _ _ _ _ _ _ 
projects/verify_custom_swagstore/tests/test_main.py:44: in is_inventory_displayed
    return self.inventory_container.is_visible()
           ^^^^^^^^^^^^^^^^^^^^^^^^^^^^^^^^^^^^^
/opt/hostedtoolcache/Python/3.11.14/x64/lib/python3.11/site-packages/playwright/sync_api/_generated.py:17303: in is_visible
    self._sync(self._impl_obj.is_visible(timeout=timeout))
/opt/hostedtoolcache/Python/3.11.14/x64/lib/python3.11/site-packages/playwright/_impl/_locator.py:531: in is_visible
    return await self._frame.is_visible(
/opt/hostedtoolcache/Python/3.11.14/x64/lib/python3.11/site-packages/playwright/_impl/_frame.py:408: in is_visible
    return await self._channel.send(
/opt/hostedtoolcache/Python/3.11.14/x64/lib/python3.11/site-packages/playwright/_impl/_connection.py:69: in send
    return await self._connection.wrap_api_call(
_ _ _ _ _ _ _ _ _ _ _ _ _ _ _ _ _ _ _ _ _ _ _ _ _ _ _ _ _ _ _ _ _ _ _ _ _ _ _ _ 

self = <playwright._impl._connection.Connection object at 0x7f1c224aeed0>
cb = <function Channel.send.<locals>.<lambda> at 0x7f1c2119b4c0>
is_internal = False, title = None

    async def wrap_api_call(
        self, cb: Callable[[], Any], is_internal: bool = False, title: str = None
    ) -> Any:
        if self._api_zone.get():
            return await cb()
        task = asyncio.current_task(self._loop)
        st: List[inspect.FrameInfo] = getattr(
            task, "__pw_stack__", None
        ) or inspect.stack(0)
    
        parsed_st = _extract_stack_trace_information_from_stack(st, is_internal, title)
        self._api_zone.set(parsed_st)
        try:
            return await cb()
        except Exception as error:
>           raise rewrite_error(error, f"{parsed_st['apiName']}: {error}") from None
E           playwright._impl._errors.Error: Locator.is_visible: Error: strict mode violation: locator("#inventory_container") resolved to 2 elements:
E               1) <div id="inventory_container">…</div> aka locator("#inventory_container").first
E               2) <div id="inventory_container" class="inventory_container" data-test="inventory-container">…</div> aka locator("[data-test=\"inventory-container\"]")
E           
E           Call log:
E               - checking visibility of locator("#inventory_container")

/opt/hostedtoolcache/Python/3.11.14/x64/lib/python3.11/site-packages/playwright/_impl/_connection.py:559: Error
=========================== short test summary info ============================
FAILED projects/verify_custom_swagstore/tests/test_main.py::test_autonomous_flow[chromium] - playwright._impl._errors.Error: Locator.is_visible: Error: strict mode violation: locator("#inventory_container") resolved to 2 elements:
    1) <div id="inventory_container">…</div> aka locator("#inventory_container").first
    2) <div id="inventory_container" class="inventory_container" data-test="inventory-container">…</div> aka locator("[data-test=\"inventory-container\"]")

Call log:
    - checking visibility of locator("#inventory_container")
============================== 1 failed in 1.58s ===============================

