============================= test session starts ==============================
platform linux -- Python 3.11.14, pytest-9.0.2, pluggy-1.6.0 -- /opt/hostedtoolcache/Python/3.11.14/x64/bin/python
cachedir: .pytest_cache
metadata: {'Python': '3.11.14', 'Platform': 'Linux-6.11.0-1018-azure-x86_64-with-glibc2.39', 'Packages': {'pytest': '9.0.2', 'pluggy': '1.6.0'}, 'Plugins': {'html': '4.1.1', 'langsmith': '0.6.1', 'base-url': '2.1.0', 'playwright': '0.7.2', 'anyio': '4.12.1', 'metadata': '3.1.1'}, 'CI': 'true', 'JAVA_HOME': '/usr/lib/jvm/temurin-17-jdk-amd64', 'Base URL': ''}
rootdir: /home/runner/work/build_qa_automation/build_qa_automation
plugins: html-4.1.1, langsmith-0.6.1, base-url-2.1.0, playwright-0.7.2, anyio-4.12.1, metadata-3.1.1
collecting ... collected 0 items / 1 error

==================================== ERRORS ====================================
_______ ERROR collecting projects/train_rank118_t_me/tests/test_main.py ________
ImportError while importing test module '/home/runner/work/build_qa_automation/build_qa_automation/projects/train_rank118_t_me/tests/test_main.py'.
Hint: make sure your test modules/packages have valid Python names.
Traceback:
/opt/hostedtoolcache/Python/3.11.14/x64/lib/python3.11/importlib/__init__.py:126: in import_module
    return _bootstrap._gcd_import(name[level:], package, level)
           ^^^^^^^^^^^^^^^^^^^^^^^^^^^^^^^^^^^^^^^^^^^^^^^^^^^^
projects/train_rank118_t_me/tests/test_main.py:39: in <module>
    from core.utils import take_screenshot
E   ModuleNotFoundError: No module named 'core.utils'
=========================== short test summary info ============================
ERROR projects/train_rank118_t_me/tests/test_main.py
!!!!!!!!!!!!!!!!!!!! Interrupted: 1 error during collection !!!!!!!!!!!!!!!!!!!!
=============================== 1 error in 0.16s ===============================

