============================= test session starts ==============================
platform linux -- Python 3.11.14, pytest-9.0.2, pluggy-1.6.0 -- /opt/hostedtoolcache/Python/3.11.14/x64/bin/python
cachedir: .pytest_cache
metadata: {'Python': '3.11.14', 'Platform': 'Linux-6.11.0-1018-azure-x86_64-with-glibc2.39', 'Packages': {'pytest': '9.0.2', 'pluggy': '1.6.0'}, 'Plugins': {'html': '4.1.1', 'base-url': '2.1.0', 'playwright': '0.7.2', 'anyio': '4.12.1', 'metadata': '3.1.1', 'langsmith': '0.6.2'}, 'CI': 'true', 'JAVA_HOME': '/usr/lib/jvm/temurin-17-jdk-amd64', 'Base URL': ''}
rootdir: /home/runner/work/build_qa_automation/build_qa_automation
plugins: html-4.1.1, base-url-2.1.0, playwright-0.7.2, anyio-4.12.1, metadata-3.1.1, langsmith-0.6.2
collecting ... collected 1 item

projects/verify_stress_sauce/tests/e2e/test_main.py::test_autonomous_flow[chromium] [SCREENSHOT] Saved: projects/saucedemo/outputs/screenshots/test_failed.png
FAILED

=================================== FAILURES ===================================
________________________ test_autonomous_flow[chromium] ________________________

browser = <Browser type=<BrowserType name=chromium executable_path=/home/runner/.cache/ms-playwright/chromium-1200/chrome-linux64/chrome> version=143.0.7499.4>

    def test_autonomous_flow(browser: Browser):
        page = browser.new_page()
        login_page = LoginPage(page)
        inventory_page = InventoryPage(page)
        item_details_page = ItemDetailsPage(page)
        cart_page = CartPage(page)
        checkout_page = CheckoutPage(page)
        checkout_overview_page = CheckoutOverviewPage(page)
        checkout_complete_page = CheckoutCompletePage(page)
        header = Header(page)
    
        try:
            # Login
            login_page.navigate("https://www.saucedemo.com/")
            login_page.login("standard_user", "secret_sauce")
            expect(page.url).to_contain("/inventory.html")
            wait_for_stability(page)
    
            # Sort Z-A
            inventory_page.sort_products("za")
            wait_for_stability(page)
    
            # Add 'Test.allTheThings() T-Shirt'
            inventory_page.add_to_cart("Test.allTheThings() T-Shirt")
            wait_for_stability(page)
    
            # Go to item details 'Sauce Labs Onesie'
            inventory_page.go_to_item_details("Sauce Labs Onesie")
            wait_for_stability(page)
    
            # go back
            item_details_page.go_back()
            wait_for_stability(page)
    
            # Add 'Sauce Labs Bike Light'
            inventory_page.add_to_cart("Sauce Labs Bike Light")
            wait_for_stability(page)
    
            # Go to Cart
            header.go_to_cart()
            expect(page.url).to_contain("/cart.html")
            wait_for_stability(page)
    
            # Checkout
            cart_page.go_to_checkout()
            expect(page.url).to_contain("/checkout-step-one.html")
            wait_for_stability(page)
    
            # Info 'Jane' 'Doe' '12345'
            checkout_page.fill_info("Jane", "Doe", "12345")
            checkout_page.click_continue()
            expect(page.url).to_contain("/checkout-step-two.html")
            wait_for_stability(page)
    
            # Finish
            checkout_overview_page.click_finish()
            expect(page.url).to_contain("/checkout-complete.html")
            wait_for_stability(page)
    
            # Back Home
            checkout_complete_page.go_back_home()
            expect(page.url).to_contain("/inventory.html")
            wait_for_stability(page)
    
            # Logout
            header.logout()
            expect(page.url).to_contain("/")
            wait_for_stability(page)
    
        except Exception as e:
            login_page.take_screenshot("test_failed", "saucedemo")
>           raise e

projects/verify_stress_sauce/tests/e2e/test_main.py:212: 
_ _ _ _ _ _ _ _ _ _ _ _ _ _ _ _ _ _ _ _ _ _ _ _ _ _ _ _ _ _ _ _ _ _ _ _ _ _ _ _ 
projects/verify_stress_sauce/tests/e2e/test_main.py:156: in test_autonomous_flow
    expect(page.url).to_contain("/inventory.html")
    ^^^^^^^^^^^^^^^^
_ _ _ _ _ _ _ _ _ _ _ _ _ _ _ _ _ _ _ _ _ _ _ _ _ _ _ _ _ _ _ _ _ _ _ _ _ _ _ _ 

self = <playwright.sync_api.Expect object at 0x7fc607d8e4d0>
actual = 'https://www.saucedemo.com/inventory.html', message = None

    def __call__(
        self, actual: Union[Page, Locator, APIResponse], message: Optional[str] = None
    ) -> Union[PageAssertions, LocatorAssertions, APIResponseAssertions]:
        if isinstance(actual, Page):
            return PageAssertions(
                PageAssertionsImpl(actual._impl_obj, self._timeout, message=message)
            )
        elif isinstance(actual, Locator):
            return LocatorAssertions(
                LocatorAssertionsImpl(actual._impl_obj, self._timeout, message=message)
            )
        elif isinstance(actual, APIResponse):
            return APIResponseAssertions(
                APIResponseAssertionsImpl(
                    actual._impl_obj, self._timeout, message=message
                )
            )
>       raise ValueError(f"Unsupported type: {type(actual)}")
E       ValueError: Unsupported type: <class 'str'>

/opt/hostedtoolcache/Python/3.11.14/x64/lib/python3.11/site-packages/playwright/sync_api/__init__.py:143: ValueError
=========================== short test summary info ============================
FAILED projects/verify_stress_sauce/tests/e2e/test_main.py::test_autonomous_flow[chromium] - ValueError: Unsupported type: <class 'str'>
============================== 1 failed in 1.67s ===============================

