============================= test session starts ==============================
platform linux -- Python 3.11.14, pytest-9.0.2, pluggy-1.6.0 -- /opt/hostedtoolcache/Python/3.11.14/x64/bin/python
cachedir: .pytest_cache
metadata: {'Python': '3.11.14', 'Platform': 'Linux-6.11.0-1018-azure-x86_64-with-glibc2.39', 'Packages': {'pytest': '9.0.2', 'pluggy': '1.6.0'}, 'Plugins': {'html': '4.1.1', 'base-url': '2.1.0', 'playwright': '0.7.2', 'anyio': '4.12.1', 'metadata': '3.1.1', 'langsmith': '0.6.2'}, 'CI': 'true', 'JAVA_HOME': '/usr/lib/jvm/temurin-17-jdk-amd64', 'Base URL': ''}
rootdir: /home/runner/work/build_qa_automation/build_qa_automation
plugins: html-4.1.1, base-url-2.1.0, playwright-0.7.2, anyio-4.12.1, metadata-3.1.1, langsmith-0.6.2
collecting ... collected 1 item

projects/stress_verify_custom_rahulshetty/tests/e2e/test_main.py::test_autonomous_flow[chromium] FAILED

=================================== FAILURES ===================================
________________________ test_autonomous_flow[chromium] ________________________

browser = <Browser type=<BrowserType name=chromium executable_path=/home/runner/.cache/ms-playwright/chromium-1200/chrome-linux64/chrome> version=143.0.7499.4>

    def test_autonomous_flow(browser: Browser):
        page = browser.new_page()
        practice_page = RahulShettyAcademyPracticePage(page)
        practice_page.navigate("https://rahulshettyacademy.com/AutomationPractice/")
    
>       practice_page.fill_country("India")

projects/stress_verify_custom_rahulshetty/tests/e2e/test_main.py:45: 
_ _ _ _ _ _ _ _ _ _ _ _ _ _ _ _ _ _ _ _ _ _ _ _ _ _ _ _ _ _ _ _ _ _ _ _ _ _ _ _ 
projects/stress_verify_custom_rahulshetty/tests/e2e/test_main.py:32: in fill_country
    self.page.locator(".ui-menu-item div").filter(has_text=country_name).click()
/opt/hostedtoolcache/Python/3.11.14/x64/lib/python3.11/site-packages/playwright/sync_api/_generated.py:15637: in click
    self._sync(
/opt/hostedtoolcache/Python/3.11.14/x64/lib/python3.11/site-packages/playwright/_impl/_locator.py:162: in click
    return await self._frame._click(self._selector, strict=True, **params)
           ^^^^^^^^^^^^^^^^^^^^^^^^^^^^^^^^^^^^^^^^^^^^^^^^^^^^^^^^^^^^^^^
/opt/hostedtoolcache/Python/3.11.14/x64/lib/python3.11/site-packages/playwright/_impl/_frame.py:566: in _click
    await self._channel.send("click", self._timeout, locals_to_params(locals()))
/opt/hostedtoolcache/Python/3.11.14/x64/lib/python3.11/site-packages/playwright/_impl/_connection.py:69: in send
    return await self._connection.wrap_api_call(
_ _ _ _ _ _ _ _ _ _ _ _ _ _ _ _ _ _ _ _ _ _ _ _ _ _ _ _ _ _ _ _ _ _ _ _ _ _ _ _ 

self = <playwright._impl._connection.Connection object at 0x7f5bd4624cd0>
cb = <function Channel.send.<locals>.<lambda> at 0x7f5bd45ee840>
is_internal = False, title = None

    async def wrap_api_call(
        self, cb: Callable[[], Any], is_internal: bool = False, title: str = None
    ) -> Any:
        if self._api_zone.get():
            return await cb()
        task = asyncio.current_task(self._loop)
        st: List[inspect.FrameInfo] = getattr(
            task, "__pw_stack__", None
        ) or inspect.stack(0)
    
        parsed_st = _extract_stack_trace_information_from_stack(st, is_internal, title)
        self._api_zone.set(parsed_st)
        try:
            return await cb()
        except Exception as error:
>           raise rewrite_error(error, f"{parsed_st['apiName']}: {error}") from None
E           playwright._impl._errors.Error: Locator.click: Error: strict mode violation: locator(".ui-menu-item div").filter(has_text="India") resolved to 2 elements:
E               1) <div id="ui-id-2" tabindex="-1" class="ui-menu-item-wrapper">British Indian Ocean Territory</div> aka get_by_text("British Indian Ocean Territory")
E               2) <div id="ui-id-3" tabindex="-1" class="ui-menu-item-wrapper">India</div> aka get_by_text("India", exact=True)
E           
E           Call log:
E             - waiting for locator(".ui-menu-item div").filter(has_text="India")

/opt/hostedtoolcache/Python/3.11.14/x64/lib/python3.11/site-packages/playwright/_impl/_connection.py:559: Error
=========================== short test summary info ============================
FAILED projects/stress_verify_custom_rahulshetty/tests/e2e/test_main.py::test_autonomous_flow[chromium] - playwright._impl._errors.Error: Locator.click: Error: strict mode violation: locator(".ui-menu-item div").filter(has_text="India") resolved to 2 elements:
    1) <div id="ui-id-2" tabindex="-1" class="ui-menu-item-wrapper">British Indian Ocean Territory</div> aka get_by_text("British Indian Ocean Territory")
    2) <div id="ui-id-3" tabindex="-1" class="ui-menu-item-wrapper">India</div> aka get_by_text("India", exact=True)

Call log:
  - waiting for locator(".ui-menu-item div").filter(has_text="India")
============================== 1 failed in 6.35s ===============================

