============================= test session starts ==============================
platform linux -- Python 3.11.14, pytest-9.0.2, pluggy-1.6.0 -- /opt/hostedtoolcache/Python/3.11.14/x64/bin/python
cachedir: .pytest_cache
metadata: {'Python': '3.11.14', 'Platform': 'Linux-6.11.0-1018-azure-x86_64-with-glibc2.39', 'Packages': {'pytest': '9.0.2', 'pluggy': '1.6.0'}, 'Plugins': {'html': '4.1.1', 'base-url': '2.1.0', 'playwright': '0.7.2', 'anyio': '4.12.1', 'metadata': '3.1.1', 'langsmith': '0.6.2'}, 'CI': 'true', 'JAVA_HOME': '/usr/lib/jvm/temurin-17-jdk-amd64', 'Base URL': ''}
rootdir: /home/runner/work/build_qa_automation/build_qa_automation
plugins: html-4.1.1, base-url-2.1.0, playwright-0.7.2, anyio-4.12.1, metadata-3.1.1, langsmith-0.6.2
collecting ... collected 0 items / 1 error

==================================== ERRORS ====================================
______ ERROR collecting projects/orangehrm_enterprise/tests/test_main.py _______
/opt/hostedtoolcache/Python/3.11.14/x64/lib/python3.11/site-packages/_pytest/python.py:507: in importtestmodule
    mod = import_path(
/opt/hostedtoolcache/Python/3.11.14/x64/lib/python3.11/site-packages/_pytest/pathlib.py:587: in import_path
    importlib.import_module(module_name)
/opt/hostedtoolcache/Python/3.11.14/x64/lib/python3.11/importlib/__init__.py:126: in import_module
    return _bootstrap._gcd_import(name[level:], package, level)
           ^^^^^^^^^^^^^^^^^^^^^^^^^^^^^^^^^^^^^^^^^^^^^^^^^^^^
<frozen importlib._bootstrap>:1204: in _gcd_import
    ???
<frozen importlib._bootstrap>:1176: in _find_and_load
    ???
<frozen importlib._bootstrap>:1147: in _find_and_load_unlocked
    ???
<frozen importlib._bootstrap>:690: in _load_unlocked
    ???
/opt/hostedtoolcache/Python/3.11.14/x64/lib/python3.11/site-packages/_pytest/assertion/rewrite.py:188: in exec_module
    source_stat, co = _rewrite_test(fn, self.config)
                      ^^^^^^^^^^^^^^^^^^^^^^^^^^^^^^
/opt/hostedtoolcache/Python/3.11.14/x64/lib/python3.11/site-packages/_pytest/assertion/rewrite.py:357: in _rewrite_test
    tree = ast.parse(source, filename=strfn)
           ^^^^^^^^^^^^^^^^^^^^^^^^^^^^^^^^^
/opt/hostedtoolcache/Python/3.11.14/x64/lib/python3.11/ast.py:50: in parse
    return compile(source, filename, mode, flags,
E     File "/home/runner/work/build_qa_automation/build_qa_automation/projects/orangehrm_enterprise/tests/test_main.py", line 41
E       class EmployeeListPage:\n    def __init__(self, page):
E                               ^
E   SyntaxError: unexpected character after line continuation character
=========================== short test summary info ============================
ERROR projects/orangehrm_enterprise/tests/test_main.py
!!!!!!!!!!!!!!!!!!!! Interrupted: 1 error during collection !!!!!!!!!!!!!!!!!!!!
=============================== 1 error in 0.19s ===============================

