============================= test session starts ==============================
platform linux -- Python 3.11.14, pytest-9.0.2, pluggy-1.6.0 -- /opt/hostedtoolcache/Python/3.11.14/x64/bin/python
cachedir: .pytest_cache
metadata: {'Python': '3.11.14', 'Platform': 'Linux-6.11.0-1018-azure-x86_64-with-glibc2.39', 'Packages': {'pytest': '9.0.2', 'pluggy': '1.6.0'}, 'Plugins': {'html': '4.1.1', 'base-url': '2.1.0', 'playwright': '0.7.2', 'anyio': '4.12.1', 'metadata': '3.1.1', 'langsmith': '0.6.2'}, 'CI': 'true', 'JAVA_HOME': '/usr/lib/jvm/temurin-17-jdk-amd64', 'Base URL': ''}
rootdir: /home/runner/work/build_qa_automation/build_qa_automation
plugins: html-4.1.1, base-url-2.1.0, playwright-0.7.2, anyio-4.12.1, metadata-3.1.1, langsmith-0.6.2
collecting ... collected 1 item

projects/cli_run_1767982497/tests/test_main.py::test_autonomous_flow[chromium] FAILED

=================================== FAILURES ===================================
________________________ test_autonomous_flow[chromium] ________________________

browser = <Browser type=<BrowserType name=chromium executable_path=/home/runner/.cache/ms-playwright/chromium-1200/chrome-linux64/chrome> version=143.0.7499.4>

    def test_autonomous_flow(browser):
        page = browser.new_page()
        login_page = LoginPage(page)
        registration_page = RegistrationPage(page)
        account_services_page = AccountServicesPage(page)
        open_new_account_page = OpenNewAccountPage(page)
        transfer_funds_page = TransferFundsPage(page)
    
        # Register new user
        login_page.navigate("https://parabank.parasoft.com/parabank/index.htm")
        login_page.navigate_to_registration()
        registration_page.fill_registration_form("John")
>       registration_page.click_register_button()

projects/cli_run_1767982497/tests/test_main.py:74: 
_ _ _ _ _ _ _ _ _ _ _ _ _ _ _ _ _ _ _ _ _ _ _ _ _ _ _ _ _ _ _ _ _ _ _ _ _ _ _ _ 
projects/cli_run_1767982497/tests/test_main.py:41: in click_register_button
    self.page.locator(".button").click()
/opt/hostedtoolcache/Python/3.11.14/x64/lib/python3.11/site-packages/playwright/sync_api/_generated.py:15637: in click
    self._sync(
/opt/hostedtoolcache/Python/3.11.14/x64/lib/python3.11/site-packages/playwright/_impl/_locator.py:162: in click
    return await self._frame._click(self._selector, strict=True, **params)
           ^^^^^^^^^^^^^^^^^^^^^^^^^^^^^^^^^^^^^^^^^^^^^^^^^^^^^^^^^^^^^^^
/opt/hostedtoolcache/Python/3.11.14/x64/lib/python3.11/site-packages/playwright/_impl/_frame.py:566: in _click
    await self._channel.send("click", self._timeout, locals_to_params(locals()))
/opt/hostedtoolcache/Python/3.11.14/x64/lib/python3.11/site-packages/playwright/_impl/_connection.py:69: in send
    return await self._connection.wrap_api_call(
_ _ _ _ _ _ _ _ _ _ _ _ _ _ _ _ _ _ _ _ _ _ _ _ _ _ _ _ _ _ _ _ _ _ _ _ _ _ _ _ 

self = <playwright._impl._connection.Connection object at 0x7f4bd3fa6c90>
cb = <function Channel.send.<locals>.<lambda> at 0x7f4bd2c8b920>
is_internal = False, title = None

    async def wrap_api_call(
        self, cb: Callable[[], Any], is_internal: bool = False, title: str = None
    ) -> Any:
        if self._api_zone.get():
            return await cb()
        task = asyncio.current_task(self._loop)
        st: List[inspect.FrameInfo] = getattr(
            task, "__pw_stack__", None
        ) or inspect.stack(0)
    
        parsed_st = _extract_stack_trace_information_from_stack(st, is_internal, title)
        self._api_zone.set(parsed_st)
        try:
            return await cb()
        except Exception as error:
>           raise rewrite_error(error, f"{parsed_st['apiName']}: {error}") from None
E           playwright._impl._errors.Error: Locator.click: Error: strict mode violation: locator(".button") resolved to 3 elements:
E               1) <ul class="button">…</ul> aka get_by_text("home about contact")
E               2) <input type="submit" class="button" value="Log In"/> aka get_by_role("button", name="Log In")
E               3) <input type="submit" class="button" value="Register"/> aka get_by_role("button", name="Register")
E           
E           Call log:
E             - waiting for locator(".button")

/opt/hostedtoolcache/Python/3.11.14/x64/lib/python3.11/site-packages/playwright/_impl/_connection.py:559: Error
=========================== short test summary info ============================
FAILED projects/cli_run_1767982497/tests/test_main.py::test_autonomous_flow[chromium] - playwright._impl._errors.Error: Locator.click: Error: strict mode violation: locator(".button") resolved to 3 elements:
    1) <ul class="button">…</ul> aka get_by_text("home about contact")
    2) <input type="submit" class="button" value="Log In"/> aka get_by_role("button", name="Log In")
    3) <input type="submit" class="button" value="Register"/> aka get_by_role("button", name="Register")

Call log:
  - waiting for locator(".button")
============================== 1 failed in 1.72s ===============================

